  64 bit Processing .\ep_weather_host.idl
  ep_weather_host.idl
  64 bit Processing C:\Program Files (x86)\Windows Kits\10\Include\10.0.22621.0\um\oaidl.idl
  oaidl.idl
  64 bit Processing C:\Program Files (x86)\Windows Kits\10\Include\10.0.22621.0\um\objidl.idl
  objidl.idl
  64 bit Processing C:\Program Files (x86)\Windows Kits\10\Include\10.0.22621.0\um\unknwn.idl
  unknwn.idl
  64 bit Processing C:\Program Files (x86)\Windows Kits\10\Include\10.0.22621.0\shared\wtypes.idl
  wtypes.idl
  64 bit Processing C:\Program Files (x86)\Windows Kits\10\Include\10.0.22621.0\shared\wtypesbase.idl
  wtypesbase.idl
  64 bit Processing C:\Program Files (x86)\Windows Kits\10\Include\10.0.22621.0\shared\basetsd.h
  basetsd.h
  64 bit Processing C:\Program Files (x86)\Windows Kits\10\Include\10.0.22621.0\shared\guiddef.h
  guiddef.h
  64 bit Processing C:\Program Files (x86)\Windows Kits\10\Include\10.0.22621.0\um\ocidl.idl
  ocidl.idl
  64 bit Processing C:\Program Files (x86)\Windows Kits\10\Include\10.0.22621.0\um\oleidl.idl
  oleidl.idl
  64 bit Processing C:\Program Files (x86)\Windows Kits\10\Include\10.0.22621.0\um\servprov.idl
  servprov.idl
  64 bit Processing C:\Program Files (x86)\Windows Kits\10\Include\10.0.22621.0\um\urlmon.idl
  urlmon.idl
  64 bit Processing C:\Program Files (x86)\Windows Kits\10\Include\10.0.22621.0\um\msxml.idl
  msxml.idl
  64 bit Processing C:\Program Files (x86)\Windows Kits\10\Include\10.0.22621.0\um\oaidl.acf
  oaidl.acf
  64 bit Processing C:\Program Files (x86)\Windows Kits\10\Include\10.0.22621.0\um\ocidl.acf
  ocidl.acf
  dllmain.c
C:\Users\Administrator\Desktop\11\Explo\ep_weather_host\ep_main.h(1,1): warning C4819: 该文件包含不能在当前代码页(936)中表示的字符。请将该文件保存为 Unicode 格式以防止数据丢失
  (编译源文件“dllmain.c”)
  
C:\Users\Administrator\Desktop\11\Explo\ep_weather_host\ep_weather_factory.h(12,2): warning C4113: “HRESULT (__cdecl *)(IClassFactory *)”和“HRESULT (__cdecl *)(IClassFactory *,const IID *const ,void **)”的参数列表不同
  (编译源文件“dllmain.c”)
  
C:\Users\Administrator\Desktop\11\Explo\ep_weather_host\ep_weather_factory.h(15,2): warning C4113: “HRESULT (__cdecl *)(IClassFactory *)”和“HRESULT (__cdecl *)(IClassFactory *,IUnknown *,const IID *const ,void **)”的参数列表不同
  (编译源文件“dllmain.c”)
  
C:\Users\Administrator\Desktop\11\Explo\ep_weather_host\ep_weather_factory.h(21,3): warning C4090: “初始化”: 不同的“const”限定符
  (编译源文件“dllmain.c”)
  
C:\Users\Administrator\Desktop\11\Explo\ep_weather_host\dllmain.c(55,5): warning C4133: “函数”: 从“unsigned short [13]”到“const BYTE *”的类型不兼容
C:\Users\Administrator\Desktop\11\Explo\ep_weather_host\dllmain.c(63,5): warning C4133: “函数”: 从“unsigned short [39]”到“const BYTE *”的类型不兼容
C:\Users\Administrator\Desktop\11\Explo\ep_weather_host\dllmain.c(90,5): warning C4133: “函数”: 从“wchar_t [260]”到“const BYTE *”的类型不兼容
C:\Users\Administrator\Desktop\11\Explo\ep_weather_host\dllmain.c(91,31): warning C4267: “函数”: 从“size_t”转换到“DWORD”，可能丢失数据
C:\Users\Administrator\Desktop\11\Explo\ep_weather_host\dllmain.c(98,5): warning C4133: “函数”: 从“unsigned short [10]”到“const BYTE *”的类型不兼容
C:\Users\Administrator\Desktop\11\Explo\ep_weather_host\dllmain.c(125,5): warning C4133: “函数”: 从“unsigned short [13]”到“const BYTE *”的类型不兼容
C:\Users\Administrator\Desktop\11\Explo\ep_weather_host\dllmain.c(133,5): warning C4133: “函数”: 从“unsigned short [1]”到“const BYTE *”的类型不兼容
C:\Users\Administrator\Desktop\11\Explo\ep_weather_host\dllmain.c(160,5): warning C4133: “函数”: 从“unsigned short [13]”到“const BYTE *”的类型不兼容
C:\Users\Administrator\Desktop\11\Explo\ep_weather_host\dllmain.c(168,5): warning C4133: “函数”: 从“unsigned short [1]”到“const BYTE *”的类型不兼容
C:\Users\Administrator\Desktop\11\Explo\ep_weather_host\dllmain.c(22,10): warning C4101: “wszInstallPath”: 未引用的局部变量
  ep_weather_factory.c
C:\Users\Administrator\Desktop\11\Explo\ep_weather_host\ep_main.h(1,1): warning C4819: 该文件包含不能在当前代码页(936)中表示的字符。请将该文件保存为 Unicode 格式以防止数据丢失
  (编译源文件“ep_weather_factory.c”)
  
C:\Users\Administrator\Desktop\11\Explo\ep_weather_host\ep_weather_factory.h(12,2): warning C4113: “HRESULT (__cdecl *)(IClassFactory *)”和“HRESULT (__cdecl *)(IClassFactory *,const IID *const ,void **)”的参数列表不同
  (编译源文件“ep_weather_factory.c”)
  
C:\Users\Administrator\Desktop\11\Explo\ep_weather_host\ep_weather_factory.h(15,2): warning C4113: “HRESULT (__cdecl *)(IClassFactory *)”和“HRESULT (__cdecl *)(IClassFactory *,IUnknown *,const IID *const ,void **)”的参数列表不同
  (编译源文件“ep_weather_factory.c”)
  
C:\Users\Administrator\Desktop\11\Explo\ep_weather_host\ep_weather_factory.h(21,3): warning C4090: “初始化”: 不同的“const”限定符
  (编译源文件“ep_weather_factory.c”)
  
C:\Users\Administrator\Desktop\11\Explo\ep_weather_host\ep_def.h(168,20): warning C4113: “HRESULT (__cdecl *)(EPWeather *,const IID *const ,void **)”和“HRESULT (__cdecl *)(ITest *,const IID *const ,void **)”的参数列表不同
  (编译源文件“ep_weather_factory.c”)
  
C:\Users\Administrator\Desktop\11\Explo\ep_weather_host\ep_def.h(169,12): warning C4113: “ULONG (__cdecl *)(EPWeather *)”和“ULONG (__cdecl *)(ITest *)”的参数列表不同
  (编译源文件“ep_weather_factory.c”)
  
C:\Users\Administrator\Desktop\11\Explo\ep_weather_host\ep_def.h(170,13): warning C4113: “ULONG (__cdecl *)(EPWeather *)”和“ULONG (__cdecl *)(ITest *)”的参数列表不同
  (编译源文件“ep_weather_factory.c”)
  
C:\Users\Administrator\Desktop\11\Explo\ep_weather_host\ep_def.h(172,10): warning C4113: “HRESULT (__cdecl *)(EPWeather *)”和“HRESULT (__cdecl *)(ITest *)”的参数列表不同
  (编译源文件“ep_weather_factory.c”)
  
C:\Users\Administrator\Desktop\11\Explo\ep_weather_host\ep_def.h(173,10): warning C4113: “HRESULT (__cdecl *)(EPWeather *)”和“HRESULT (__cdecl *)(ITest *)”的参数列表不同
  (编译源文件“ep_weather_factory.c”)
  
C:\Users\Administrator\Desktop\11\Explo\ep_weather_host\ep_def.h(174,10): warning C4113: “HRESULT (__cdecl *)(EPWeather *)”和“HRESULT (__cdecl *)(ITest *)”的参数列表不同
  (编译源文件“ep_weather_factory.c”)
  
C:\Users\Administrator\Desktop\11\Explo\ep_weather_host\ep_weather_factory.c(8,27): warning C4029: 声明的形参表不同于定义
C:\Users\Administrator\Desktop\11\Explo\ep_weather_host\ep_weather_factory.c(34,27): warning C4029: 声明的形参表不同于定义
C:\Users\Administrator\Desktop\11\Explo\ep_weather_host\ep_weather_factory.c(55,21): warning C4090: “=”: 不同的“const”限定符
C:\Users\Administrator\Desktop\11\Explo\ep_weather_host\ep_weather_factory.c(62,41): warning C4133: “函数”: 从“EPWeather *”到“ITest *”的类型不兼容
C:\Users\Administrator\Desktop\11\Explo\ep_weather_host\ep_weather_factory.c(63,29): warning C4133: “函数”: 从“EPWeather *”到“ITest *”的类型不兼容
  ep_def.c
C:\Users\Administrator\Desktop\11\Explo\ep_weather_host\ep_main.h(1,1): warning C4819: 该文件包含不能在当前代码页(936)中表示的字符。请将该文件保存为 Unicode 格式以防止数据丢失
  (编译源文件“ep_def.c”)
  
C:\Users\Administrator\Desktop\11\Explo\ep_weather_host\ep_def.h(168,20): warning C4113: “HRESULT (__cdecl *)(EPWeather *,const IID *const ,void **)”和“HRESULT (__cdecl *)(ITest *,const IID *const ,void **)”的参数列表不同
  (编译源文件“ep_def.c”)
  
C:\Users\Administrator\Desktop\11\Explo\ep_weather_host\ep_def.h(169,12): warning C4113: “ULONG (__cdecl *)(EPWeather *)”和“ULONG (__cdecl *)(ITest *)”的参数列表不同
  (编译源文件“ep_def.c”)
  
C:\Users\Administrator\Desktop\11\Explo\ep_weather_host\ep_def.h(170,13): warning C4113: “ULONG (__cdecl *)(EPWeather *)”和“ULONG (__cdecl *)(ITest *)”的参数列表不同
  (编译源文件“ep_def.c”)
  
C:\Users\Administrator\Desktop\11\Explo\ep_weather_host\ep_def.h(172,10): warning C4113: “HRESULT (__cdecl *)(EPWeather *)”和“HRESULT (__cdecl *)(ITest *)”的参数列表不同
  (编译源文件“ep_def.c”)
  
C:\Users\Administrator\Desktop\11\Explo\ep_weather_host\ep_def.h(173,10): warning C4113: “HRESULT (__cdecl *)(EPWeather *)”和“HRESULT (__cdecl *)(ITest *)”的参数列表不同
  (编译源文件“ep_def.c”)
  
C:\Users\Administrator\Desktop\11\Explo\ep_weather_host\ep_def.h(174,10): warning C4113: “HRESULT (__cdecl *)(EPWeather *)”和“HRESULT (__cdecl *)(ITest *)”的参数列表不同
  (编译源文件“ep_def.c”)
  
C:\Users\Administrator\Desktop\11\Explo\ep_weather_host\osutility.h(69,27): warning C4244: “=”: 从“double”转换到“DWORD”，可能丢失数据
  (编译源文件“ep_def.c”)
  
C:\Users\Administrator\Desktop\11\Explo\ep_weather_host\ep_def.c(67,39): warning C4113: “ULONG (__cdecl *)(IUnknown *)”和“ULONG (__cdecl *)(ICoreWebView2CreateCoreWebView2ControllerCompletedHandler *)”的参数列表不同
C:\Users\Administrator\Desktop\11\Explo\ep_weather_host\ep_def.c(68,40): warning C4113: “ULONG (__cdecl *)(IUnknown *)”和“ULONG (__cdecl *)(ICoreWebView2CreateCoreWebView2ControllerCompletedHandler *)”的参数列表不同
C:\Users\Administrator\Desktop\11\Explo\ep_weather_host\ep_def.c(69,47): warning C4113: “HRESULT (__cdecl *)(IUnknown *,IID *,void **)”和“HRESULT (__cdecl *)(ICoreWebView2CreateCoreWebView2ControllerCompletedHandler *,const IID *const ,void **)”的参数列表不同
C:\Users\Administrator\Desktop\11\Explo\ep_weather_host\ep_def.c(70,39): warning C4113: “HRESULT (__cdecl *)(IUnknown *,HRESULT,void *)”和“HRESULT (__cdecl *)(ICoreWebView2CreateCoreWebView2ControllerCompletedHandler *,HRESULT,ICoreWebView2Controller *)”的参数列表不同
C:\Users\Administrator\Desktop\11\Explo\ep_weather_host\ep_def.c(98,3): warning C4013: “_epw_Weather_NavigateToProvider”未定义；假设外部返回 int
C:\Users\Administrator\Desktop\11\Explo\ep_weather_host\ep_def.c(105,27): warning C4142: "_epw_Weather_NavigateToProvider": 类型的良性重定义
C:\Users\Administrator\Desktop\11\Explo\ep_weather_host\ep_def.c(159,3): warning C4013: “_ep_Weather_StartResize”未定义；假设外部返回 int
C:\Users\Administrator\Desktop\11\Explo\ep_weather_host\ep_def.c(163,27): warning C4142: "_ep_Weather_StartResize": 类型的良性重定义
C:\Users\Administrator\Desktop\11\Explo\ep_weather_host\ep_def.c(174,32): warning C4133: “函数”: 从“EPWeather *”到“ITest *”的类型不兼容
C:\Users\Administrator\Desktop\11\Explo\ep_weather_host\ep_def.c(180,39): warning C4133: “函数”: 从“unsigned int *”到“volatile LONG64 *”的类型不兼容
C:\Users\Administrator\Desktop\11\Explo\ep_weather_host\ep_def.c(180,16): warning C4244: “初始化”: 从“LONG64”转换到“ULONG”，可能丢失数据
C:\Users\Administrator\Desktop\11\Explo\ep_weather_host\ep_def.c(187,39): warning C4133: “函数”: 从“unsigned int *”到“volatile LONG64 *”的类型不兼容
C:\Users\Administrator\Desktop\11\Explo\ep_weather_host\ep_def.c(187,16): warning C4244: “初始化”: 从“LONG64”转换到“ULONG”，可能丢失数据
C:\Users\Administrator\Desktop\11\Explo\ep_weather_host\ep_def.c(213,24): warning C4133: “函数”: 从“EPWeather *”到“ITest *”的类型不兼容
C:\Users\Administrator\Desktop\11\Explo\ep_weather_host\ep_def.c(249,9): warning C4133: “=”: 从“int *”到“EPWeather *”的类型不兼容
C:\Users\Administrator\Desktop\11\Explo\ep_weather_host\ep_def.c(265,38): warning C4047: “函数”:“volatile LONG64 *”与“HWND *”的间接级别不同
C:\Users\Administrator\Desktop\11\Explo\ep_weather_host\ep_def.c(265,38): warning C4024: “_InlineInterlockedAdd64”: 形参和实参 1 的类型不同
C:\Users\Administrator\Desktop\11\Explo\ep_weather_host\ep_def.c(266,10): warning C4477: “printf”: 格式字符串“%x”需要类型“unsigned int”的参数，但可变参数 1 拥有了类型“HWND”
C:\Users\Administrator\Desktop\11\Explo\ep_weather_host\ep_def.c(266,10): warning C4313: "printf": 格式字符串中的 "%x" 与类型为 "HWND" 的参数 1 冲突
C:\Users\Administrator\Desktop\11\Explo\ep_weather_host\ep_def.c(265,8): warning C4047: “初始化”:“HWND”与“LONG64”的间接级别不同
C:\Users\Administrator\Desktop\11\Explo\ep_weather_host\ep_def.c(293,10): warning C4047: “初始化”:“RECT *”与“LPARAM”的间接级别不同
C:\Users\Administrator\Desktop\11\Explo\ep_weather_host\ep_def.c(357,32): warning C4113: “ULONG (__cdecl *)(IUnknown *)”和“ULONG (__cdecl *)(ICoreWebView2CreateCoreWebView2EnvironmentCompletedHandler *)”的参数列表不同
C:\Users\Administrator\Desktop\11\Explo\ep_weather_host\ep_def.c(358,33): warning C4113: “ULONG (__cdecl *)(IUnknown *)”和“ULONG (__cdecl *)(ICoreWebView2CreateCoreWebView2EnvironmentCompletedHandler *)”的参数列表不同
C:\Users\Administrator\Desktop\11\Explo\ep_weather_host\ep_def.c(359,40): warning C4113: “HRESULT (__cdecl *)(IUnknown *,IID *,void **)”和“HRESULT (__cdecl *)(ICoreWebView2CreateCoreWebView2EnvironmentCompletedHandler *,const IID *const ,void **)”的参数列表不同
C:\Users\Administrator\Desktop\11\Explo\ep_weather_host\ep_def.c(360,32): warning C4113: “HRESULT (__cdecl *)(IUnknown *,HRESULT,void *)”和“HRESULT (__cdecl *)(ICoreWebView2CreateCoreWebView2EnvironmentCompletedHandler *,HRESULT,ICoreWebView2Environment *)”的参数列表不同
  正在生成代码...
C:\Users\Administrator\Desktop\11\Explo\ep_weather_host\ep_def.c(386,1): warning C4716: “bar_Weather_MainThread”: 必须返回一个值
dllmain.obj : warning LNK4104: 导出符号“DllRegisterServer”应为 PRIVATE
dllmain.obj : warning LNK4104: 导出符号“DllUnregisterServer”应为 PRIVATE
dllmain.obj : warning LNK4104: 导出符号“DllCanUnloadNow”应为 PRIVATE
dllmain.obj : warning LNK4104: 导出符号“DllGetClassObject”应为 PRIVATE
    正在创建库 C:\Users\Administrator\Desktop\11\Explo\\build\Debug\x64\ep_com_host.lib 和对象 C:\Users\Administrator\Desktop\11\Explo\\build\Debug\x64\ep_com_host.exp
  ep_weather_host.vcxproj -> C:\Users\Administrator\Desktop\11\Explo\build\Debug\x64\ep_com_host.dll
