c:\users\administrator\desktop\111\startx-weather\explo\ep_weather_host\x64\release\vc143.pdb
c:\users\administrator\desktop\111\startx-weather\explo\ep_weather_host\x64\release\ep_def.obj
c:\users\administrator\desktop\111\startx-weather\explo\ep_weather_host\x64\release\ep_weather_factory.obj
c:\users\administrator\desktop\111\startx-weather\explo\ep_weather_host\x64\release\dllmain.obj
c:\users\administrator\desktop\l222ock\startx\bin\weather\com\ep_com_host.dll
c:\users\administrator\desktop\l222ock\startx\bin\weather\com\ep_com_host.pdb
c:\users\administrator\desktop\111\startx-weather\explo\ep_weather_host\ep_weather_host_p.c
c:\users\administrator\desktop\111\startx-weather\explo\ep_weather_host\ep_weather_host_i.c
c:\users\administrator\desktop\111\startx-weather\explo\ep_weather_host\ep_weather_host_h.h
c:\users\administrator\desktop\l222ock\startx\bin\weather\com\ep_com_host.lib
c:\users\administrator\desktop\l222ock\startx\bin\weather\com\ep_com_host.exp
c:\users\administrator\desktop\111\startx-weather\explo\ep_weather_host\x64\release\ep_com_host.ipdb
c:\users\administrator\desktop\111\startx-weather\explo\ep_weather_host\x64\release\ep_com_host.iobj
c:\users\administrator\desktop\111\startx-weather\explo\ep_weather_host\x64\release\ep_com_host.tlog\cl.command.1.tlog
c:\users\administrator\desktop\111\startx-weather\explo\ep_weather_host\x64\release\ep_com_host.tlog\cl.items.tlog
c:\users\administrator\desktop\111\startx-weather\explo\ep_weather_host\x64\release\ep_com_host.tlog\cl.read.1.tlog
c:\users\administrator\desktop\111\startx-weather\explo\ep_weather_host\x64\release\ep_com_host.tlog\cl.write.1.tlog
c:\users\administrator\desktop\111\startx-weather\explo\ep_weather_host\x64\release\ep_com_host.tlog\link.command.1.tlog
c:\users\administrator\desktop\111\startx-weather\explo\ep_weather_host\x64\release\ep_com_host.tlog\link.read.1.tlog
c:\users\administrator\desktop\111\startx-weather\explo\ep_weather_host\x64\release\ep_com_host.tlog\link.secondary.1.tlog
c:\users\administrator\desktop\111\startx-weather\explo\ep_weather_host\x64\release\ep_com_host.tlog\link.write.1.tlog
c:\users\administrator\desktop\111\startx-weather\explo\ep_weather_host\x64\release\ep_com_host.tlog\midl.command.1.tlog
c:\users\administrator\desktop\111\startx-weather\explo\ep_weather_host\x64\release\ep_com_host.tlog\midl.read.1.tlog
c:\users\administrator\desktop\111\startx-weather\explo\ep_weather_host\x64\release\ep_com_host.tlog\midl.write.1.tlog
